[2025-05-08 10:22:00] Raw response: {
  "error": {
    "code": 403,
    "message": "This API method requires billing to be enabled. Please enable billing on project #581379890263 by visiting https://console.developers.google.com/billing/enable?project=581379890263 then retry. If you enabled billing for this project recently, wait a few minutes for the action to propagate to our systems and retry.",
    "status": "PERMISSION_DENIED",
    "details": [
      {
        "@type": "type.googleapis.com/google.rpc.ErrorInfo",
        "reason": "BILLING_DISABLED",
        "domain": "googleapis.com",
        "metadata": {
          "service": "vision.googleapis.com",
          "containerInfo": "581379890263",
          "consumer": "projects/581379890263"
        }
      },
      {
        "@type": "type.googleapis.com/google.rpc.LocalizedMessage",
        "locale": "en-US",
        "message": "This API method requires billing to be enabled. Please enable billing on project #581379890263 by visiting https://console.developers.google.com/billing/enable?project=581379890263 then retry. If you enabled billing for this project recently, wait a few minutes for the action to propagate to our systems and retry."
      },
      {
        "@type": "type.googleapis.com/google.rpc.Help",
        "links": [
          {
            "description": "Google developers console billing",
            "url": "https://console.developers.google.com/billing/enable?project=581379890263"
          }
        ]
      }
    ]
  }
}

